JvmtiExport can_access_local_variables 0
JvmtiExport can_hotswap_or_post_breakpoint 0
JvmtiExport can_post_on_exceptions 0
# 594 ciObject found
ciMethod java/lang/Object <init> ()V 4097 1 448551 0 96
ciMethod java/lang/Object hashCode ()I 3073 1 384 0 -1
ciMethod java/lang/Object equals (Ljava/lang/Object;)Z 2105 1 11554 0 64
ciMethod java/lang/Object clone ()Ljava/lang/Object; 2049 1 256 0 -1
ciMethod java/lang/String <init> ([CII)V 4097 1 5743 0 704
ciMethod java/lang/String <init> ([BIILjava/lang/String;)V 3505 1 8179 0 -1
ciMethod java/lang/String <init> ([CZ)V 3697 1 13636 0 64
ciMethod java/lang/String length ()I 4097 1 168889 0 0
ciMethod java/lang/String charAt (I)C 4097 1 624291 0 -1
ciMethod java/lang/String getChars ([CI)V 2057 1 5377 0 0
ciMethod java/lang/String equals (Ljava/lang/Object;)Z 4097 19321 4243 0 -1
ciMethod java/lang/String equalsIgnoreCase (Ljava/lang/String;)Z 2065 1 5397 0 1792
ciMethod java/lang/String regionMatches (ZILjava/lang/String;II)Z 1801 625 5486 0 1984
ciMethod java/lang/String endsWith (Ljava/lang/String;)Z 4097 1 26025 0 -1
ciMethod java/lang/String hashCode ()I 2833 32769 1493 0 320
ciMethod java/lang/String lastIndexOf (I)I 3073 1 21875 0 288
ciMethod java/lang/String lastIndexOf (II)I 1641 122881 857 0 288
ciMethod java/lang/String lastIndexOfSupplementary (II)I 0 0 1 0 -1
ciMethod java/lang/String substring (II)Ljava/lang/String; 3137 1 5603 0 960
ciMethod java/lang/String concat (Ljava/lang/String;)Ljava/lang/String; 2057 1 5377 0 896
ciMethod java/lang/String replace (CC)Ljava/lang/String; 1073 64313 1003 0 1216
ciMethod java/lang/String toUpperCase (Ljava/util/Locale;)Ljava/lang/String; 561 12425 1523 0 -1
ciMethod java/lang/String toCharArray ()[C 4097 1 14904 0 256
ciMethod java/lang/ClassLoader defineClass (Ljava/lang/String;[BIILjava/security/ProtectionDomain;)Ljava/lang/Class; 2561 1 3268 0 -1
ciMethod java/lang/ClassLoader definePackage (Ljava/lang/String;Ljava/lang/String;Ljava/lang/String;Ljava/lang/String;Ljava/lang/String;Ljava/lang/String;Ljava/lang/String;Ljava/net/URL;)Ljava/lang/Package; 545 1 150 0 -1
ciMethod java/lang/ClassLoader getPackage (Ljava/lang/String;)Ljava/lang/Package; 2065 1 3700 0 0
ciMethod java/lang/System nanoTime ()J 3073 1 384 0 -1
ciMethod java/lang/System arraycopy (Ljava/lang/Object;ILjava/lang/Object;II)V 38913 1 4864 0 -1
ciMethod java/lang/Throwable printStackTrace ()V 0 0 1 0 -1
ciMethod java/lang/Throwable addSuppressed (Ljava/lang/Throwable;)V 0 0 1 0 -1
ciMethod java/security/SecureClassLoader defineClass (Ljava/lang/String;[BIILjava/security/CodeSource;)Ljava/lang/Class; 2561 1 3235 0 -1
ciMethod java/security/SecureClassLoader defineClass (Ljava/lang/String;Ljava/nio/ByteBuffer;Ljava/security/CodeSource;)Ljava/lang/Class; 0 0 1 0 -1
ciMethod java/security/SecureClassLoader getProtectionDomain (Ljava/security/CodeSource;)Ljava/security/ProtectionDomain; 2561 1 3262 0 -1
ciMethod java/lang/ref/Reference get ()Ljava/lang/Object; 4121 1 515 0 -1
ciMethod java/lang/ref/Reference <init> (Ljava/lang/Object;)V 2049 1 14155 0 0
ciMethod java/lang/ref/Reference <init> (Ljava/lang/Object;Ljava/lang/ref/ReferenceQueue;)V 4097 1 16311 0 128
ciMethod java/lang/ref/SoftReference <init> (Ljava/lang/Object;)V 2057 1 4724 0 0
ciMethod java/lang/ref/SoftReference get ()Ljava/lang/Object; 2049 1 26267 0 0
ciMethod java/lang/ref/WeakReference <init> (Ljava/lang/Object;Ljava/lang/ref/ReferenceQueue;)V 3113 1 6776 0 0
ciMethod java/lang/Thread currentThread ()Ljava/lang/Thread; 3073 1 384 0 -1
ciMethod java/lang/Thread interrupt ()V 0 0 1 0 -1
ciMethod java/lang/Thread interrupted ()Z 2049 1 3439 0 -1
ciMethod java/util/Map get (Ljava/lang/Object;)Ljava/lang/Object; 0 0 1 0 -1
ciMethod java/util/Map put (Ljava/lang/Object;Ljava/lang/Object;)Ljava/lang/Object; 0 0 1 0 -1
ciMethod java/util/Hashtable <init> (IF)V 1321 1 158 0 0
ciMethod java/util/Hashtable <init> (I)V 113 1 14 0 0
ciMethod java/util/Hashtable <init> ()V 1209 1 144 0 0
ciMethod java/util/Dictionary <init> ()V 1321 1 158 0 0
ciMethod java/lang/StringBuilder <init> ()V 3441 1 34634 0 -1
ciMethod java/lang/StringBuilder append (Ljava/lang/String;)Ljava/lang/StringBuilder; 4097 1 78995 0 -1
ciMethod java/lang/StringBuilder append (I)Ljava/lang/StringBuilder; 49 1 3558 0 -1
ciMethod java/lang/StringBuilder append (F)Ljava/lang/StringBuilder; 0 0 1 0 -1
ciMethod java/lang/StringBuilder toString ()Ljava/lang/String; 3841 1 45891 0 -1
ciMethod sun/misc/Unsafe ensureClassInitialized (Ljava/lang/Class;)V 2049 1 256 0 -1
ciMethod java/io/ByteArrayInputStream <init> ([B)V 729 1 3825 0 0
ciMethod java/io/InputStream <init> ()V 3097 1 12750 0 96
ciMethod java/io/InputStream read ([BII)I 0 0 1 0 -1
ciMethod java/io/InputStream close ()V 0 0 1 0 -1
ciMethod java/net/URLClassLoader getAndVerifyPackage (Ljava/lang/String;Ljava/util/jar/Manifest;Ljava/net/URL;)Ljava/lang/Package; 3577 1 3243 0 0
ciMethod java/net/URLClassLoader definePackageInternal (Ljava/lang/String;Ljava/util/jar/Manifest;Ljava/net/URL;)V 2553 1 3234 0 0
ciMethod java/net/URLClassLoader defineClass (Ljava/lang/String;Lsun/misc/Resource;)Ljava/lang/Class; 1537 1 3235 0 0
ciMethod java/net/URLClassLoader definePackage (Ljava/lang/String;Ljava/util/jar/Manifest;Ljava/net/URL;)Ljava/lang/Package; 545 1 150 0 0
ciMethod java/net/URLClassLoader isSealed (Ljava/lang/String;Ljava/util/jar/Manifest;)Z 3073 1 3093 0 0
ciMethod java/net/URLClassLoader access$000 (Ljava/net/URLClassLoader;)Lsun/misc/URLClassPath; 1033 1 129 0 0
ciMethod java/net/URLClassLoader access$100 (Ljava/net/URLClassLoader;Ljava/lang/String;Lsun/misc/Resource;)Ljava/lang/Class; 1537 1 3233 0 0
ciMethod java/util/jar/Manifest <init> (Ljava/io/InputStream;)V 65 1 22 0 0
ciMethod java/util/jar/Manifest <init> (Ljava/util/jar/JarVerifier;Ljava/io/InputStream;)V 81 1 27 0 0
ciMethod java/util/jar/Manifest getMainAttributes ()Ljava/util/jar/Attributes; 1073 1 134 0 0
ciMethod java/util/jar/Manifest getEntries ()Ljava/util/Map; 1065 1 133 0 0
ciMethod java/util/jar/Manifest getAttributes (Ljava/lang/String;)Ljava/util/jar/Attributes; 3073 1 6647 0 1312
ciMethod java/util/jar/Manifest getTrustedAttributes (Ljava/lang/String;)Ljava/util/jar/Attributes; 3617 1 3247 0 0
ciMethod java/util/jar/Manifest read (Ljava/io/InputStream;)V 353 24641 43 0 -1
ciMethod java/util/jar/Manifest parseName ([BI)Ljava/lang/String; 3977 1 2838 0 -1
ciMethod java/security/CodeSource <init> (Ljava/net/URL;[Ljava/security/CodeSigner;)V 2561 1 3235 0 -1
ciMethod java/nio/Buffer position ()I 3081 1 385 0 -1
ciMethod java/lang/Character isSurrogate (C)Z 1 1 10386 0 -1
ciMethod java/lang/Character toLowerCase (C)C 4097 1 17588 0 0
ciMethod java/lang/Character toLowerCase (I)I 4097 1 35888 0 160
ciMethod java/lang/Character toUpperCase (C)C 2073 1 13604 0 192
ciMethod java/lang/Character toUpperCase (I)I 2073 1 13604 0 0
ciMethod java/lang/Float isNaN (F)Z 4097 1 4919 0 0
ciMethod java/lang/Float floatToRawIntBits (F)I 9 1 1 0 -1
ciMethod java/lang/NullPointerException <init> ()V 0 0 1 0 -1
ciMethod java/util/Comparator compare (Ljava/lang/Object;Ljava/lang/Object;)I 0 0 1 0 -1
ciMethod java/security/AccessController doPrivileged (Ljava/security/PrivilegedAction;)Ljava/lang/Object; 2049 1 256 0 -1
ciMethod java/util/AbstractList <init> ()V 2121 1 18221 0 32
ciMethod java/util/AbstractCollection <init> ()V 1409 1 30805 0 0
ciMethod java/util/ArrayList <init> ()V 1825 1 10860 0 64
ciMethod java/util/AbstractMap <init> ()V 1153 1 12567 0 0
ciMethod sun/misc/SharedSecrets javaUtilJarAccess ()Lsun/misc/JavaUtilJarAccess; 2049 1 6534 0 0
ciMethod java/util/HashMap hash (Ljava/lang/Object;)I 4097 1 67014 0 160
ciMethod java/util/HashMap tableSizeFor (I)I 4097 1 5637 0 0
ciMethod java/util/HashMap <init> (IF)V 4097 1 4637 0 0
ciMethod java/util/HashMap <init> (I)V 4097 1 4483 0 0
ciMethod java/util/HashMap <init> ()V 369 1 5721 0 32
ciMethod java/util/HashMap get (Ljava/lang/Object;)Ljava/lang/Object; 3089 1 27825 0 576
ciMethod java/util/HashMap getNode (ILjava/lang/Object;)Ljava/util/HashMap$Node; 4097 105 25120 0 512
ciMethod java/util/HashMap put (Ljava/lang/Object;Ljava/lang/Object;)Ljava/lang/Object; 3353 1 22023 0 -1
ciMethod java/lang/Math max (II)I 4097 1 29301 0 -1
ciMethod java/lang/Math min (II)I 4097 1 99066 0 -1
ciMethod java/lang/Math min (FF)F 2049 1 289 0 0
ciMethod java/nio/charset/Charset newEncoder ()Ljava/nio/charset/CharsetEncoder; 0 0 1 0 -1
ciMethod java/util/WeakHashMap newTable (I)[Ljava/util/WeakHashMap$Entry; 1033 1 129 0 -1
ciMethod java/util/WeakHashMap maskNull (Ljava/lang/Object;)Ljava/lang/Object; 2049 1 9256 0 0
ciMethod java/util/WeakHashMap eq (Ljava/lang/Object;Ljava/lang/Object;)Z 1089 1 3590 0 0
ciMethod java/util/WeakHashMap hash (Ljava/lang/Object;)I 2057 1 9256 0 0
ciMethod java/util/WeakHashMap indexFor (II)I 3081 1 9386 0 0
ciMethod java/util/WeakHashMap expungeStaleEntries ()V 3081 1 5535 0 -1
ciMethod java/util/WeakHashMap getTable ()[Ljava/util/WeakHashMap$Entry; 3073 1 8893 0 2336
ciMethod java/util/WeakHashMap put (Ljava/lang/Object;Ljava/lang/Object;)Ljava/lang/Object; 2049 113 3732 0 0
ciMethod java/util/WeakHashMap resize (I)V 0 0 6 0 0
ciMethod java/util/WeakHashMap transfer ([Ljava/util/WeakHashMap$Entry;[Ljava/util/WeakHashMap$Entry;)V 49 2241 6 0 -1
ciMethod java/util/Arrays copyOf ([BI)[B 4097 1 28081 0 480
ciMethod java/util/Arrays copyOf ([CI)[C 4097 1 20234 0 0
ciMethod java/util/Arrays copyOfRange ([CII)[C 4097 1 5700 0 512
ciMethod java/io/OutputStream <init> ()V 2089 1 7213 0 0
ciMethod java/io/FilterInputStream <init> (Ljava/io/InputStream;)V 2049 1 3891 0 0
ciMethod sun/nio/cs/UTF_8 newEncoder ()Ljava/nio/charset/CharsetEncoder; 841 1 104 0 0
ciMethod sun/nio/cs/ArrayEncoder encode ([CII[B)I 0 0 1 0 -1
ciMethod sun/nio/cs/UTF_8$Encoder <init> (Ljava/nio/charset/Charset;)V 841 1 104 0 -1
ciMethod sun/nio/cs/UTF_8$Encoder encode ([CII[B)I 1649 49153 962 0 -1
ciMethod sun/nio/cs/UTF_8$Encoder <init> (Ljava/nio/charset/Charset;Lsun/nio/cs/UTF_8$1;)V 841 1 104 0 -1
ciMethod java/nio/charset/CharsetEncoder <init> (Ljava/nio/charset/Charset;FF)V 2049 1 704 0 -1
ciMethod java/nio/charset/CharsetEncoder malformedInputAction ()Ljava/nio/charset/CodingErrorAction; 41 1 4 0 -1
ciMethod java/nio/charset/CharsetEncoder onMalformedInput (Ljava/nio/charset/CodingErrorAction;)Ljava/nio/charset/CharsetEncoder; 593 1 693 0 0
ciMethod java/nio/charset/CharsetEncoder implOnMalformedInput (Ljava/nio/charset/CodingErrorAction;)V 593 1 693 0 0
ciMethod java/nio/charset/CharsetEncoder onUnmappableCharacter (Ljava/nio/charset/CodingErrorAction;)Ljava/nio/charset/CharsetEncoder; 593 1 693 0 0
ciMethod java/nio/charset/CharsetEncoder implOnUnmappableCharacter (Ljava/nio/charset/CodingErrorAction;)V 593 1 693 0 0
ciMethod java/nio/charset/CharsetEncoder maxBytesPerChar ()F 4097 1 15308 0 0
ciMethod java/nio/charset/CharsetEncoder encode (Ljava/nio/CharBuffer;Ljava/nio/ByteBuffer;Z)Ljava/nio/charset/CoderResult; 49 1 17 0 -1
ciMethod java/nio/charset/CharsetEncoder flush (Ljava/nio/ByteBuffer;)Ljava/nio/charset/CoderResult; 0 0 3 0 -1
ciMethod java/nio/charset/CharsetEncoder reset ()Ljava/nio/charset/CharsetEncoder; 4097 1 13594 0 0
ciMethod java/nio/charset/CharsetEncoder implReset ()V 4097 1 13594 0 0
ciMethod java/nio/ByteBuffer wrap ([B)Ljava/nio/ByteBuffer; 1 1 231 0 -1
ciMethodData java/lang/Object <init> ()V 2 448551 orig 264 104 147 244 97 0 0 0 0 128 4 24 27 0 0 0 0 32 1 0 0 0 0 0 0 0 0 0 0 0 0 0 0 0 0 0 0 0 0 0 0 0 0 0 0 0 0 0 0 0 0 0 0 0 0 0 0 0 0 0 0 0 0 0 0 0 0 0 0 0 0 0 0 0 0 0 0 0 0 0 0 77 68 79 32 101 120 116 114 97 32 100 97 116 97 32 108 111 99 107 0 0 0 0 0 0 0 0 0 0 0 0 0 0 0 0 0 0 0 0 0 0 0 0 0 0 0 0 0 0 0 0 0 0 0 0 0 0 0 0 0 0 0 0 0 0 0 0 0 0 0 0 0 0 0 0 0 0 0 0 0 0 0 0 0 0 0 0 0 0 0 0 0 0 0 0 0 0 0 0 0 0 0 0 0 1 0 0 0 0 0 0 0 1 0 0 0 0 0 0 0 1 0 0 0 0 0 0 0 0 0 0 0 0 0 0 0 0 2 0 0 57 177 54 0 1 0 0 0 0 0 0 0 0 0 0 0 2 0 0 0 0 0 0 0 0 0 0 0 0 0 0 0 255 255 255 255 0 0 0 0 0 0 0 0 data 0 oops 0
ciMethod java/lang/IllegalArgumentException <init> (Ljava/lang/String;)V 0 0 1 0 -1
ciMethod sun/security/util/Debug println (Ljava/lang/String;)V 0 0 1 0 -1
ciMethod java/util/WeakHashMap$Entry <init> (Ljava/lang/Object;Ljava/lang/Object;Ljava/lang/ref/ReferenceQueue;ILjava/util/WeakHashMap$Entry;)V 2041 1 3731 0 0
ciMethodData java/lang/String charAt (I)C 2 624943 orig 264 104 147 244 97 0 0 0 0 104 61 24 27 0 0 0 0 120 1 0 0 32 0 0 0 0 0 0 0 0 0 0 0 0 0 0 0 0 0 0 0 0 0 0 0 0 0 0 0 0 0 0 0 0 0 0 0 0 0 0 0 0 0 0 0 0 0 0 0 0 0 0 0 0 0 0 0 0 0 0 0 77 68 79 32 101 120 116 114 97 32 100 97 116 97 32 108 111 99 107 0 0 0 0 0 0 0 0 0 0 0 0 0 0 0 0 0 0 0 0 0 0 0 0 0 0 0 0 0 0 0 0 0 0 0 0 0 0 0 0 0 0 0 0 0 0 0 0 0 0 0 0 0 0 0 0 0 0 0 0 0 0 0 0 0 0 0 0 0 0 0 0 0 0 0 0 0 0 0 0 0 0 0 0 0 25 0 0 0 0 0 0 0 0 0 0 0 0 0 0 0 1 0 0 0 0 0 0 0 0 0 0 0 0 0 0 0 0 2 0 0 121 57 76 0 1 0 0 0 0 0 0 0 0 0 0 0 2 0 0 0 0 0 0 0 0 0 0 0 80 0 0 0 255 255 255 255 7 0 1 0 0 0 0 0 data 10 0x10007 0x0 0x40 0x9872f 0xa0007 0x9872f 0x30 0x0 0x120002 0x0 oops 0
ciMethod java/nio/CharBuffer wrap ([C)Ljava/nio/CharBuffer; 0 0 1 0 -1
ciMethod java/nio/charset/CoderResult isUnderflow ()Z 1489 1 343 0 -1
ciMethod java/lang/CharacterData toLowerCase (I)I 0 0 1 0 -1
ciMethod java/lang/CharacterData toUpperCase (I)I 0 0 1 0 -1
ciMethod java/lang/CharacterData of (I)Ljava/lang/CharacterData; 4097 1 9472 0 96
ciMethod java/lang/CharacterDataLatin1 getProperties (I)I 4097 1 48276 0 96
ciMethod java/lang/CharacterDataLatin1 toLowerCase (I)I 4097 1 8984 0 160
ciMethod java/lang/CharacterDataLatin1 toUpperCase (I)I 3081 1 5506 0 160
ciMethod java/util/HashMap$TreeNode root ()Ljava/util/HashMap$TreeNode; 0 0 1 0 -1
ciMethod java/util/HashMap$TreeNode find (ILjava/lang/Object;Ljava/lang/Class;)Ljava/util/HashMap$TreeNode; 25 49 126 0 -1
ciMethod java/util/HashMap$TreeNode getTreeNode (ILjava/lang/Object;)Ljava/util/HashMap$TreeNode; 25 1 126 0 0
ciMethodData java/lang/Character toLowerCase (I)I 2 35888 orig 264 104 147 244 97 0 0 0 0 248 182 33 27 0 0 0 0 136 1 0 0 0 0 0 0 0 0 0 0 0 0 0 0 0 0 0 0 0 0 0 0 0 0 0 0 0 0 0 0 0 0 0 0 0 0 0 0 0 0 0 0 0 0 0 0 0 0 0 0 0 0 0 0 0 0 0 0 0 0 0 0 77 68 79 32 101 120 116 114 97 32 100 97 116 97 32 108 111 99 107 0 0 0 0 0 0 0 0 0 0 0 0 0 0 0 0 0 0 0 0 0 0 0 0 0 0 0 0 0 0 0 0 0 0 0 0 0 0 0 0 0 0 0 0 0 0 0 0 0 0 0 0 0 0 0 0 0 0 0 0 0 0 0 0 0 0 0 0 0 0 0 0 0 0 0 0 0 0 0 0 0 0 0 0 0 0 0 0 0 0 0 0 0 0 0 0 0 0 0 0 0 0 0 0 0 0 0 0 0 0 0 0 0 0 0 0 0 0 2 0 0 129 81 4 0 1 0 0 0 0 0 0 0 0 0 0 0 2 0 0 0 0 0 0 0 0 0 0 0 64 0 0 0 255 255 255 255 2 0 1 0 0 0 0 0 data 8 0x10002 0x8a30 0x50005 0x0 0x211661d0 0x8a30 0x0 0x0 oops 1